(Sat Nov 21 2015 18:55:06 GMT-0800 (PST)) [LOG] Starting server on port 8080
(Sat Nov 21 2015 18:56:21 GMT-0800 (PST)) [LOG] Starting server on port 8080
(Sat Nov 21 2015 18:56:51 GMT-0800 (PST)) [LOG] aaa
(Sat Nov 21 2015 19:05:03 GMT-0800 (PST)) [LOG] Starting server on port 8080
(Sat Nov 21 2015 19:05:16 GMT-0800 (PST)) [LOG] aaa
(Sat Nov 21 2015 19:05:51 GMT-0800 (PST)) [LOG] aaa
(Sat Nov 21 2015 20:06:15 GMT-0800 (PST)) [LOG] Starting server on port 8080
(Sat Nov 21 2015 20:06:17 GMT-0800 (PST)) [LOG] jakljfkldsjlkfsd
(Sat Nov 21 2015 20:06:17 GMT-0800 (PST)) [LOG] Saving save for user test
(Sat Nov 21 2015 20:06:44 GMT-0800 (PST)) [LOG] Starting server on port 8080
(Sat Nov 21 2015 20:06:46 GMT-0800 (PST)) [LOG] jakljfkldsjlkfsd
(Sat Nov 21 2015 20:06:46 GMT-0800 (PST)) [LOG] Saving save for user test
(Sun Nov 22 2015 14:45:28 GMT-0800 (PST)) [LOG] Starting server on port 8080
(Sun Nov 22 2015 14:45:30 GMT-0800 (PST)) [LOG] Save requested for user test
(Sun Nov 22 2015 14:46:10 GMT-0800 (PST)) [LOG] Starting server on port 8080
(Sun Nov 22 2015 14:46:18 GMT-0800 (PST)) [LOG] Starting server on port 8080
(Sun Nov 22 2015 14:46:35 GMT-0800 (PST)) [LOG] testHMAC
(Sun Nov 22 2015 14:46:35 GMT-0800 (PST)) [LOG] Saving save for user test
(Sun Nov 22 2015 14:46:35 GMT-0800 (PST)) [LOG] Logging save [object Object] for user test
(Sun Nov 22 2015 14:47:17 GMT-0800 (PST)) [LOG] Starting server on port 8080
(Sun Nov 22 2015 14:47:20 GMT-0800 (PST)) [LOG] Storing save for user test
(Sun Nov 22 2015 14:47:20 GMT-0800 (PST)) [LOG] Logging save [object Object] for user test
(Sun Nov 22 2015 14:48:19 GMT-0800 (PST)) [LOG] Starting server on port 8080
(Sun Nov 22 2015 14:48:48 GMT-0800 (PST)) [LOG] Storing save for user test
(Sun Nov 22 2015 14:48:48 GMT-0800 (PST)) [LOG] Logging save {} for user test
(Sun Nov 22 2015 14:50:19 GMT-0800 (PST)) [LOG] Starting server on port 8080
(Sun Nov 22 2015 14:50:21 GMT-0800 (PST)) [LOG] Storing save for user test
(Sun Nov 22 2015 14:58:30 GMT-0800 (PST)) [LOG] Starting server on port 8080
(Sun Nov 22 2015 14:58:32 GMT-0800 (PST)) [LOG] Storing save for user test
(Sun Nov 22 2015 14:58:45 GMT-0800 (PST)) [LOG] Storing save for user test
(Sun Nov 22 2015 14:58:47 GMT-0800 (PST)) [LOG] Starting server on port 8080
(Sun Nov 22 2015 14:58:48 GMT-0800 (PST)) [LOG] Storing save for user test
(Sun Nov 22 2015 14:58:48 GMT-0800 (PST)) [LOG] Logging save {} for user test
(Sun Nov 22 2015 14:59:17 GMT-0800 (PST)) [LOG] Starting server on port 8080
(Sun Nov 22 2015 14:59:19 GMT-0800 (PST)) [LOG] Storing save for user test
(Sun Nov 22 2015 14:59:19 GMT-0800 (PST)) [LOG] Logging save {} for user test
(Sun Nov 22 2015 15:00:11 GMT-0800 (PST)) [LOG] Starting server on port 8080
(Sun Nov 22 2015 15:00:13 GMT-0800 (PST)) [LOG] Storing save for user test
(Sun Nov 22 2015 15:00:13 GMT-0800 (PST)) [LOG] Logging save {} for user test
(Sun Nov 22 2015 15:00:48 GMT-0800 (PST)) [LOG] Starting server on port 8080
(Sun Nov 22 2015 15:00:50 GMT-0800 (PST)) [LOG] Storing save for user test
(Sun Nov 22 2015 15:00:50 GMT-0800 (PST)) [LOG] Logging save {} for user test
(Sun Nov 22 2015 15:01:25 GMT-0800 (PST)) [LOG] Starting server on port 8080
(Sun Nov 22 2015 15:01:48 GMT-0800 (PST)) [LOG] Storing save for user test
(Sun Nov 22 2015 15:01:48 GMT-0800 (PST)) [LOG] Logging save {"save":20} for user test
(Sun Nov 22 2015 15:04:24 GMT-0800 (PST)) [LOG] Starting server on port 8080
(Sun Nov 22 2015 15:04:26 GMT-0800 (PST)) [LOG] Storing save for user test
(Sun Nov 22 2015 15:04:26 GMT-0800 (PST)) [LOG] {"save":20}
(Sun Nov 22 2015 15:39:06 GMT-0800 (PST)) [LOG] Starting server on port 8080
(Sun Nov 22 2015 15:39:07 GMT-0800 (PST)) [LOG] Save requested for user test
(Sun Nov 22 2015 15:39:46 GMT-0800 (PST)) [LOG] Starting server on port 8080
(Sun Nov 22 2015 15:39:48 GMT-0800 (PST)) [LOG] Save requested for user test
(Sun Nov 22 2015 15:39:49 GMT-0800 (PST)) [LOG] Save requested for user test
(Sun Nov 22 2015 15:41:39 GMT-0800 (PST)) [LOG] Starting server on port 8080
(Sun Nov 22 2015 15:41:43 GMT-0800 (PST)) [LOG] Save requested for user test
(Sun Nov 22 2015 15:42:25 GMT-0800 (PST)) [LOG] Starting server on port 8080
(Sun Nov 22 2015 15:42:27 GMT-0800 (PST)) [LOG] Save requested for user test
(Sun Nov 22 2015 15:43:39 GMT-0800 (PST)) [LOG] Starting server on port 8080
(Sun Nov 22 2015 15:43:42 GMT-0800 (PST)) [LOG] Save requested for user test
(Sun Nov 22 2015 15:44:13 GMT-0800 (PST)) [LOG] Starting server on port 8080
(Sun Nov 22 2015 15:44:14 GMT-0800 (PST)) [LOG] Save requested for user test
(Sun Nov 22 2015 15:47:46 GMT-0800 (PST)) [LOG] Starting server on port 8080
(Sun Nov 22 2015 15:47:48 GMT-0800 (PST)) [LOG] Save requested for user test
(Sun Nov 22 2015 15:48:13 GMT-0800 (PST)) [LOG] Starting server on port 8080
(Sun Nov 22 2015 15:48:15 GMT-0800 (PST)) [LOG] Save requested for user test
(Sun Nov 22 2015 15:48:39 GMT-0800 (PST)) [LOG] Starting server on port 8080
(Sun Nov 22 2015 15:48:41 GMT-0800 (PST)) [LOG] Save requested for user test
(Sun Nov 22 2015 15:49:57 GMT-0800 (PST)) [LOG] Starting server on port 8080
(Sun Nov 22 2015 15:51:06 GMT-0800 (PST)) [LOG] Starting server on port 8080
(Sun Nov 22 2015 15:56:46 GMT-0800 (PST)) [LOG] Starting server on port 8080
(Sun Nov 22 2015 16:02:11 GMT-0800 (PST)) [LOG] Starting server on port 8080
(Sun Nov 22 2015 16:02:14 GMT-0800 (PST)) [LOG] Save requested for user test
(Sun Nov 22 2015 16:03:12 GMT-0800 (PST)) [LOG] Starting server on port 8080
(Sun Nov 22 2015 16:03:14 GMT-0800 (PST)) [LOG] Save requested for user test
(Tue Dec 08 2015 17:56:21 GMT-0800 (PST)) [LOG] Starting server on port 8080
(Tue Dec 08 2015 17:56:50 GMT-0800 (PST)) [LOG] Starting server on port 8080
(Tue Dec 08 2015 17:57:45 GMT-0800 (PST)) [LOG] Starting server on port 8080
(Tue Dec 08 2015 17:57:49 GMT-0800 (PST)) [LOG] Starting server on port 8080
(Tue Dec 08 2015 18:00:59 GMT-0800 (PST)) [LOG] Starting server on port 8080
(Tue Dec 08 2015 18:03:22 GMT-0800 (PST)) [LOG] Storing save for user test
(Thu Dec 10 2015 16:18:35 GMT-0800 (PST)) [LOG] Starting server on port 8080
(Thu Dec 10 2015 16:49:32 GMT-0800 (PST)) [LOG] Storing save for user test
(Thu Dec 10 2015 17:09:05 GMT-0800 (PST)) [LOG] Storing save for user test
(Thu Dec 10 2015 17:09:05 GMT-0800 (PST)) [LOG] Storing save for user test
(Thu Dec 10 2015 17:16:05 GMT-0800 (PST)) [LOG] Starting server on port 8080
(Thu Dec 10 2015 17:16:25 GMT-0800 (PST)) [LOG] Storing save for user test
(Thu Dec 10 2015 17:16:26 GMT-0800 (PST)) [LOG] Storing save for user test
(Thu Dec 10 2015 17:16:58 GMT-0800 (PST)) [LOG] Starting server on port 8080
(Thu Dec 10 2015 17:17:00 GMT-0800 (PST)) [LOG] Storing save for user test
(Thu Dec 10 2015 17:17:00 GMT-0800 (PST)) [LOG] Storing save for user test
(Thu Dec 10 2015 17:18:51 GMT-0800 (PST)) [LOG] Storing save for user test
(Thu Dec 10 2015 17:19:42 GMT-0800 (PST)) [LOG] Storing save for user test
(Thu Dec 10 2015 17:19:42 GMT-0800 (PST)) [LOG] Storing save for user test
(Thu Dec 10 2015 17:19:57 GMT-0800 (PST)) [LOG] Starting server on port 8080
(Thu Dec 10 2015 17:20:03 GMT-0800 (PST)) [LOG] Storing save for user test
(Thu Dec 10 2015 17:20:03 GMT-0800 (PST)) [LOG] Storing save for user test
(Thu Dec 10 2015 17:20:14 GMT-0800 (PST)) [LOG] Starting server on port 8080
(Thu Dec 10 2015 17:20:16 GMT-0800 (PST)) [LOG] Storing save for user test
(Thu Dec 10 2015 17:20:16 GMT-0800 (PST)) [LOG] Storing save for user test
(Thu Dec 10 2015 17:20:33 GMT-0800 (PST)) [LOG] Starting server on port 8080
(Thu Dec 10 2015 17:20:38 GMT-0800 (PST)) [LOG] Storing save for user test
(Thu Dec 10 2015 17:20:38 GMT-0800 (PST)) [LOG] Storing save for user test
(Thu Dec 10 2015 17:21:30 GMT-0800 (PST)) [LOG] Starting server on port 8080
(Thu Dec 10 2015 17:21:32 GMT-0800 (PST)) [LOG] Storing save for user test
(Thu Dec 10 2015 17:21:32 GMT-0800 (PST)) [LOG] Storing save for user test
(Thu Dec 10 2015 17:23:03 GMT-0800 (PST)) [LOG] Starting server on port 8080
(Thu Dec 10 2015 17:23:05 GMT-0800 (PST)) [LOG] Storing save for user test
(Thu Dec 10 2015 17:23:05 GMT-0800 (PST)) [LOG] Storing save for user test
(Thu Dec 10 2015 17:23:23 GMT-0800 (PST)) [LOG] Starting server on port 8080
(Thu Dec 10 2015 17:23:27 GMT-0800 (PST)) [LOG] Storing save for user test
(Thu Dec 10 2015 17:23:27 GMT-0800 (PST)) [LOG] Storing save for user test
(Thu Dec 10 2015 17:25:21 GMT-0800 (PST)) [LOG] Starting server on port 8080
(Thu Dec 10 2015 17:25:23 GMT-0800 (PST)) [LOG] Storing save for user test
(Thu Dec 10 2015 17:25:23 GMT-0800 (PST)) [LOG] Storing save for user test
(Thu Dec 10 2015 17:25:56 GMT-0800 (PST)) [LOG] Starting server on port 8080
(Thu Dec 10 2015 17:26:06 GMT-0800 (PST)) [LOG] Storing save for user test
(Thu Dec 10 2015 17:27:27 GMT-0800 (PST)) [LOG] Save requested for user test
(Thu Dec 10 2015 17:28:39 GMT-0800 (PST)) [LOG] Storing save for user test
(Thu Dec 10 2015 17:28:54 GMT-0800 (PST)) [LOG] Save requested for user test
